<?xml version="1.0" encoding="UTF-8"?>
<!-- Generated by org.testng.reporters.JUnitReportReporter -->
<testsuite hostname="LAPTOP-58AJTKDU" failures="0" tests="3" name="TestNG_Keywords.Invocation_count" time="0.013" errors="0" timestamp="2022-05-16T17:37:52 IST" skipped="0">
  <testcase classname="TestNG_Keywords.Invocation_count" name="testcasesA" time="0.002"/>
  <system-out/>
  <testcase classname="TestNG_Keywords.Invocation_count" name="testcasesA" time="0.006"/>
  <system-out/>
  <testcase classname="TestNG_Keywords.Invocation_count" name="testcasesB" time="0.005"/>
  <system-out/>
</testsuite> <!-- TestNG_Keywords.Invocation_count -->
