<?xml version="1.0" encoding="UTF-8"?>
<!-- Generated by org.testng.reporters.JUnitReportReporter -->
<testsuite hostname="LAPTOP-58AJTKDU" failures="0" tests="3" name="TestNG_Annotation.Class2" time="0.014" errors="0" timestamp="2022-05-26T16:29:32 IST" skipped="0">
  <testcase classname="TestNG_Annotation.Class2" name="testcasesB" time="0.009"/>
  <system-out/>
  <testcase classname="TestNG_Annotation.Class2" name="testcasesC" time="0.002"/>
  <system-out/>
  <testcase classname="TestNG_Annotation.Class2" name="testcasesA" time="0.003"/>
  <system-out/>
</testsuite> <!-- TestNG_Annotation.Class2 -->
