<?xml version="1.0" encoding="UTF-8"?>
<!-- Generated by org.testng.reporters.JUnitReportReporter -->
<testsuite hostname="LAPTOP-58AJTKDU" failures="0" tests="2" name="TestNG_Application.Orange_HRM" time="8.209" errors="0" timestamp="2022-05-19T12:45:22 IST" skipped="0">
  <testcase classname="TestNG_Application.Orange_HRM" name="testcasesA" time="8.206"/>
  <system-out/>
  <testcase classname="TestNG_Application.Orange_HRM" name="testcasesB" time="0.003"/>
  <system-out/>
</testsuite> <!-- TestNG_Application.Orange_HRM -->
