<?xml version="1.0" encoding="UTF-8"?>
<!-- Generated by org.testng.reporters.JUnitReportReporter -->
<testsuite hostname="LAPTOP-58AJTKDU" failures="0" tests="2" name="TestNG_Keywords.Enabled_False" time="0.007" errors="0" timestamp="2022-05-16T17:55:06 IST" skipped="1">
  <testcase classname="TestNG_Keywords.Enabled_False" name="testcasesB" time="0.007"/>
  <system-out/>
  <testcase classname="TestNG_Keywords.Enabled_False" name="testcasesA">
    <skipped/>
  </testcase> <!-- testcasesA -->
  <system-out/>
</testsuite> <!-- TestNG_Keywords.Enabled_False -->
