<?xml version="1.0" encoding="UTF-8"?>
<!-- Generated by org.testng.reporters.JUnitReportReporter -->
<testsuite hostname="LAPTOP-58AJTKDU" failures="0" tests="1" name="TestNG_Annotation.Class1" time="0.005" errors="0" timestamp="2022-05-19T12:50:18 IST" skipped="0">
  <testcase classname="TestNG_Annotation.Class1" name="testcases" time="0.005"/>
  <system-out/>
</testsuite> <!-- TestNG_Annotation.Class1 -->
