<?xml version="1.0" encoding="UTF-8"?>
<!-- Generated by org.testng.reporters.JUnitReportReporter -->
<testsuite hostname="LAPTOP-58AJTKDU" failures="0" tests="2" name="TestNG.TestNG_Annotation" time="0.008" errors="0" timestamp="2022-05-16T14:17:27 IST" skipped="0">
  <testcase classname="TestNG.TestNG_Annotation" name="testcases2" time="0.002"/>
  <system-out/>
  <testcase classname="TestNG.TestNG_Annotation" name="testcases" time="0.006"/>
  <system-out/>
</testsuite> <!-- TestNG.TestNG_Annotation -->
