<?xml version="1.0" encoding="UTF-8"?>
<!-- Generated by org.testng.reporters.JUnitReportReporter -->
<testsuite hostname="LAPTOP-58AJTKDU" failures="0" tests="2" name="TestNG_Keywords.Priority" time="0.008" errors="0" timestamp="2022-05-16T17:21:33 IST" skipped="0">
  <testcase classname="TestNG_Keywords.Priority" name="testcasesB" time="0.006"/>
  <system-out/>
  <testcase classname="TestNG_Keywords.Priority" name="testcasesA" time="0.002"/>
  <system-out/>
</testsuite> <!-- TestNG_Keywords.Priority -->
