<?xml version="1.0" encoding="UTF-8"?>
<!-- Generated by org.testng.reporters.JUnitReportReporter -->
<testsuite hostname="LAPTOP-58AJTKDU" failures="0" tests="1" name="POM.TestNG" time="0.005" errors="0" timestamp="2022-05-06T22:48:01 IST" skipped="0">
  <testcase classname="POM.TestNG" name="testcases" time="0.005"/>
  <system-out/>
</testsuite> <!-- POM.TestNG -->
