<?xml version="1.0" encoding="UTF-8"?>
<!-- Generated by org.testng.reporters.JUnitReportReporter -->
<testsuite hostname="LAPTOP-58AJTKDU" failures="0" tests="3" name="TestNG_Keywords.DependsOnMethod" time="0.010" errors="0" timestamp="2022-05-16T17:49:58 IST" skipped="0">
  <testcase classname="TestNG_Keywords.DependsOnMethod" name="testcasesc" time="0.001"/>
  <system-out/>
  <testcase classname="TestNG_Keywords.DependsOnMethod" name="testcasesB" time="0.007"/>
  <system-out/>
  <testcase classname="TestNG_Keywords.DependsOnMethod" name="testcasesA" time="0.002"/>
  <system-out/>
</testsuite> <!-- TestNG_Keywords.DependsOnMethod -->
